{"level":"info","message":"DB connection successfull","timestamp":"2025-09-25 10:04:18"}
{"level":"info","message":"Server is running on PORT: 3000","timestamp":"2025-09-25 10:04:18"}
{"level":"info","message":"New user signup User - tsssdfsdt","timestamp":"2025-09-25 10:05:44"}
{"level":"info","message":"POST /api/v1/users/signup 201 121 - 313.091 ms","timestamp":"2025-09-25 10:05:44"}
{"level":"info","message":"New user signup User - John","timestamp":"2025-09-25 10:07:28"}
{"level":"info","message":"POST /api/v1/users/signup 201 116 - 967.106 ms","timestamp":"2025-09-25 10:07:28"}
{"level":"info","message":"DB connection successfull","timestamp":"2025-09-25 11:51:04"}
{"level":"info","message":"Server is running on PORT: 3000","timestamp":"2025-09-25 11:51:04"}
{"level":"info","message":"New user signup User - John","timestamp":"2025-09-25 11:51:10"}
{"level":"info","message":"POST /api/v1/users/signup 201 116 - 616.653 ms","timestamp":"2025-09-25 11:51:10"}
{"level":"info","message":"POST /api/v1/users/signin 200 2 - 426.659 ms","timestamp":"2025-09-25 11:52:35"}
{"level":"info","message":"POST /api/v1/users/signin 422 99 - 2.391 ms","timestamp":"2025-09-25 11:54:31"}
{"level":"info","message":"Failed to verify password !","timestamp":"2025-09-25 11:54:43"}
{"level":"info","message":"POST /api/v1/users/signin 401 60 - 334.509 ms","timestamp":"2025-09-25 11:54:43"}
{"level":"info","message":"POST /api/v1/users/signin 200 2 - 355.180 ms","timestamp":"2025-09-25 11:54:56"}
{"level":"info","message":"POST /api/v1/users/signin 200 2 - 285.002 ms","timestamp":"2025-09-25 11:55:27"}
{"level":"info","message":"DB connection successfull","timestamp":"2025-09-25 11:55:42"}
{"level":"info","message":"Server is running on PORT: 3000","timestamp":"2025-09-25 11:55:42"}
{"level":"info","message":"POST /api/v1/users/signin 200 134 - 202.221 ms","timestamp":"2025-09-25 11:55:45"}
{"level":"info","message":"DB connection successfull","timestamp":"2025-09-25 11:58:52"}
{"level":"info","message":"Server is running on PORT: 3000","timestamp":"2025-09-25 11:58:52"}
{"level":"info","message":"POST /api/v1/users/signin 200 120 - 688.368 ms","timestamp":"2025-09-25 11:59:10"}
{"level":"info","message":"DB connection successfull","timestamp":"2025-09-25 12:08:25"}
{"level":"info","message":"Server is running on PORT: 3000","timestamp":"2025-09-25 12:08:25"}
{"level":"info","message":"POST /api/v1/users/signup 422 98 - 8.240 ms","timestamp":"2025-09-25 12:08:49"}
{"level":"info","message":"POST /api/v1/users/signup 422 99 - 1.509 ms","timestamp":"2025-09-25 12:09:03"}
{"level":"info","message":"New user signup User - hna","timestamp":"2025-09-25 12:09:12"}
{"level":"info","message":"POST /api/v1/users/signup 201 115 - 276.469 ms","timestamp":"2025-09-25 12:09:12"}
{"level":"info","message":"New user signup User - hna","timestamp":"2025-09-25 12:09:46"}
{"level":"info","message":"POST /api/v1/users/signup 201 115 - 755.073 ms","timestamp":"2025-09-25 12:09:46"}
{"level":"info","message":"New user signup User - hna","timestamp":"2025-09-25 12:12:03"}
{"level":"info","message":"POST /api/v1/users/signup 201 115 - 265.905 ms","timestamp":"2025-09-25 12:12:03"}
{"level":"info","message":"New user signup User - hn  a","timestamp":"2025-09-25 12:13:55"}
{"level":"info","message":"POST /api/v1/users/signup 201 117 - 309.416 ms","timestamp":"2025-09-25 12:13:55"}
{"level":"info","message":"New user signup User - hn  ","timestamp":"2025-09-25 12:14:11"}
{"level":"info","message":"POST /api/v1/users/signup 201 116 - 773.424 ms","timestamp":"2025-09-25 12:14:11"}
{"level":"info","message":"New user signup User - hn ","timestamp":"2025-09-25 12:15:01"}
{"level":"info","message":"POST /api/v1/users/signup 201 115 - 572.668 ms","timestamp":"2025-09-25 12:15:01"}
{"level":"info","message":"DB connection successfull","timestamp":"2025-09-25 12:15:26"}
{"level":"info","message":"Server is running on PORT: 3000","timestamp":"2025-09-25 12:15:26"}
{"level":"info","message":"POST /api/v1/users/signup 422 190 - 7.433 ms","timestamp":"2025-09-25 12:15:29"}
{"level":"info","message":"POST /api/v1/users/signup 422 190 - 4.542 ms","timestamp":"2025-09-25 12:22:30"}
{"level":"info","message":"DB connection successfull","timestamp":"2025-09-25 12:22:54"}
{"level":"info","message":"Server is running on PORT: 3000","timestamp":"2025-09-25 12:22:54"}
{"level":"info","message":"POST /api/v1/users/signup 422 185 - 11.278 ms","timestamp":"2025-09-25 12:22:57"}
{"level":"info","message":"POST /api/v1/users/signup 422 185 - 1.252 ms","timestamp":"2025-09-25 12:24:18"}
{"level":"info","message":"DB connection successfull","timestamp":"2025-09-25 12:24:38"}
{"level":"info","message":"Server is running on PORT: 3000","timestamp":"2025-09-25 12:24:38"}
{"level":"info","message":"POST /api/v1/users/signup 422 146 - 9.595 ms","timestamp":"2025-09-25 12:24:51"}
{"level":"info","message":"POST /api/v1/users/signup 422 146 - 2.619 ms","timestamp":"2025-09-25 12:27:17"}
{"level":"info","message":"DB connection successfull","timestamp":"2025-09-25 12:27:48"}
{"level":"info","message":"Server is running on PORT: 3000","timestamp":"2025-09-25 12:27:48"}
{"level":"info","message":"POST /api/v1/users/signup 422 174 - 11.651 ms","timestamp":"2025-09-25 12:27:55"}
{"level":"info","message":"POST /api/v1/users/signup 422 174 - 1.759 ms","timestamp":"2025-09-25 12:29:00"}
{"level":"info","message":"DB connection successfull","timestamp":"2025-09-25 12:29:20"}
{"level":"info","message":"Server is running on PORT: 3000","timestamp":"2025-09-25 12:29:20"}
{"level":"info","message":"POST /api/v1/users/signup 422 177 - 9.710 ms","timestamp":"2025-09-25 12:29:24"}
{"level":"info","message":"POST /api/v1/users/signup 422 177 - 1.432 ms","timestamp":"2025-09-25 12:29:34"}
{"level":"info","message":"POST /api/v1/users/signup 422 130 - 1.295 ms","timestamp":"2025-09-25 12:29:42"}
{"level":"info","message":"POST /api/v1/users/signup 422 177 - 0.823 ms","timestamp":"2025-09-25 12:29:48"}
{"level":"info","message":"New user signup User - hna","timestamp":"2025-09-25 12:29:56"}
{"level":"info","message":"POST /api/v1/users/signup 201 115 - 372.133 ms","timestamp":"2025-09-25 12:29:56"}
{"level":"info","message":"DB connection successfull","timestamp":"2025-09-25 12:30:45"}
{"level":"info","message":"Server is running on PORT: 3000","timestamp":"2025-09-25 12:30:45"}
{"level":"info","message":"POST /api/v1/users/signin 200 119 - 396.196 ms","timestamp":"2025-09-25 12:30:50"}
